<?xml version="1.0" encoding="UTF-8"?>
<!-- Generated by org.testng.reporters.JUnitXMLReporter -->
<testsuite hostname="Nadiruzzamans-MacBook-Pro.local" ignored="3" name="Valid Login Test with chrome" tests="1" failures="0" timestamp="2021-06-26T10:31:58 EDT" time="9.656" errors="0">
  <testcase name="verifySignInButtonClickable" time="1.844" classname="loginTest.ValidLoginTest"/>
  <testcase name="verifySignInButtonDisplayed" time="0.0" classname="loginTest.ValidLoginTest">
    <ignored/>
  </testcase> <!-- verifySignInButtonDisplayed -->
  <testcase name="verifySignInButtonEnable" time="0.0" classname="loginTest.ValidLoginTest">
    <ignored/>
  </testcase> <!-- verifySignInButtonEnable -->
  <testcase name="verifyValidLogIn" time="0.0" classname="loginTest.ValidLoginTest">
    <ignored/>
  </testcase> <!-- verifyValidLogIn -->
</testsuite> <!-- Valid Login Test with chrome -->
